<?xml version="1.0" encoding="UTF-8"?>
<!-- Generated by org.testng.reporters.JUnitXMLReporter -->
<testsuite ignored="0" hostname="Rachit" failures="0" tests="4" name="UI Tests" time="22.362" errors="0" timestamp="2026-04-16T11:46:19 IST">
  <testcase classname="com.automation.tests.LoginTest" name="verifyInvalidLogin" time="0.763"/>
  <testcase classname="com.automation.tests.LoginTest" name="verifyValidLogin" time="2.02"/>
  <testcase classname="com.automation.tests.RegistrationTest" name="verifyUserRegistration" time="1.662"/>
  <testcase classname="com.automation.tests.HomePageTest" name="verifySearchFunctionality" time="6.45"/>
</testsuite> <!-- UI Tests -->
