<?xml version="1.0" encoding="UTF-8"?>
<!-- Generated by org.testng.reporters.JUnitXMLReporter -->
<testsuite ignored="0" hostname="Rachit" failures="0" tests="7" name="UI Tests" time="42.441" errors="0" timestamp="2026-04-16T14:23:27 IST">
  <testcase classname="com.automation.tests.LoginTest" name="verifyInvalidLogin" time="1.047"/>
  <testcase classname="com.automation.tests.LoginTest" name="verifyValidLogin" time="4.009"/>
  <testcase classname="com.automation.tests.RegistrationTest" name="verifyInvalidUserRegistration" time="2.148"/>
  <testcase classname="com.automation.tests.RegistrationTest" name="verifyUserRegistration" time="3.251"/>
  <testcase classname="com.automation.tests.HomePageTest" name="verifyCategoryNavigationFunctionality" time="6.445"/>
  <testcase classname="com.automation.tests.HomePageTest" name="verifyInvalidSearchFunctionality" time="1.06"/>
  <testcase classname="com.automation.tests.HomePageTest" name="verifyValidSearchFunctionality" time="1.193"/>
</testsuite> <!-- UI Tests -->
