<?xml version="1.0" encoding="UTF-8"?>
<testsuite xmlns:xsi="http://www.w3.org/2001/XMLSchema-instance" xsi:noNamespaceSchemaLocation="https://maven.apache.org/surefire/maven-surefire-plugin/xsd/surefire-test-report-3.0.xsd" version="3.0" name="TestSuite" time="48.784" tests="7" errors="0" skipped="0" failures="0">
  <properties>
[...]
</properties>
  <testcase name="verifyInvalidLogin" classname="com.automation.tests.LoginTest" time="1.602">
    <system-out><![CDATA[Starting Test Suite: Demo Web Shop UI Tests
Thread ID: 3
]]></system-out>
    <system-err><![CDATA[SLF4J: Class path contains multiple SLF4J bindings.
SLF4J: Found binding in [jar:file:/C:/Users/Lenovo/.m2/repository/org/slf4j/slf4j-simple/1.7.7/slf4j-simple-1.7.7.jar!/org/slf4j/impl/StaticLoggerBinder.class]
SLF4J: Found binding in [jar:file:/C:/Users/Lenovo/.m2/repository/ch/qos/logback/logback-classic/1.1.2/logback-classic-1.1.2.jar!/org/slf4j/impl/StaticLoggerBinder.class]
SLF4J: See http://www.slf4j.org/codes.html#multiple_bindings for an explanation.
SLF4J: Actual binding is of type [org.slf4j.impl.SimpleLoggerFactory]
[main] INFO io.github.bonigarcia.wdm.WebDriverManager - Using chromedriver 147.0.7727.57 (resolved driver for Chrome 147)
[main] INFO io.github.bonigarcia.wdm.WebDriverManager - Exporting webdriver.chrome.driver as C:\Users\Lenovo\.cache\selenium\chromedriver\win64\147.0.7727.57\chromedriver.exe
Apr 18, 2026 2:53:44 AM org.openqa.selenium.devtools.CdpVersionFinder findNearestMatch
WARNING: Unable to find CDP implementation matching 147
Apr 18, 2026 2:53:45 AM org.openqa.selenium.chromium.ChromiumDriver lambda$new$5
WARNING: Unable to find version of CDP to use for 147.0.7727.55. You may need to include a dependency on a specific version of the CDP using something similar to `org.seleniumhq.selenium:selenium-devtools-v86:4.21.0` where the version ("v86") matches the version of the chromium-based browser you're using and the version number of the artifact is the same as Selenium's.
]]></system-err>
  </testcase>
  <testcase name="verifyValidLogin" classname="com.automation.tests.LoginTest" time="2.27">
    <system-out><![CDATA[Thread ID: 3
]]></system-out>
    <system-err><![CDATA[[main] INFO io.github.bonigarcia.wdm.WebDriverManager - Using chromedriver 147.0.7727.57 (resolved driver for Chrome 147)
[main] INFO io.github.bonigarcia.wdm.WebDriverManager - Exporting webdriver.chrome.driver as C:\Users\Lenovo\.cache\selenium\chromedriver\win64\147.0.7727.57\chromedriver.exe
Apr 18, 2026 2:53:50 AM org.openqa.selenium.devtools.CdpVersionFinder findNearestMatch
WARNING: Unable to find CDP implementation matching 147
Apr 18, 2026 2:53:50 AM org.openqa.selenium.chromium.ChromiumDriver lambda$new$5
WARNING: Unable to find version of CDP to use for 147.0.7727.55. You may need to include a dependency on a specific version of the CDP using something similar to `org.seleniumhq.selenium:selenium-devtools-v86:4.21.0` where the version ("v86") matches the version of the chromium-based browser you're using and the version number of the artifact is the same as Selenium's.
]]></system-err>
  </testcase>
  <testcase name="verifyInvalidUserRegistration" classname="com.automation.tests.RegistrationTest" time="1.474">
    <system-out><![CDATA[Thread ID: 3
]]></system-out>
    <system-err><![CDATA[[main] INFO io.github.bonigarcia.wdm.WebDriverManager - Using chromedriver 147.0.7727.57 (resolved driver for Chrome 147)
[main] INFO io.github.bonigarcia.wdm.WebDriverManager - Exporting webdriver.chrome.driver as C:\Users\Lenovo\.cache\selenium\chromedriver\win64\147.0.7727.57\chromedriver.exe
Apr 18, 2026 2:53:55 AM org.openqa.selenium.devtools.CdpVersionFinder findNearestMatch
WARNING: Unable to find CDP implementation matching 147
Apr 18, 2026 2:53:55 AM org.openqa.selenium.chromium.ChromiumDriver lambda$new$5
WARNING: Unable to find version of CDP to use for 147.0.7727.55. You may need to include a dependency on a specific version of the CDP using something similar to `org.seleniumhq.selenium:selenium-devtools-v86:4.21.0` where the version ("v86") matches the version of the chromium-based browser you're using and the version number of the artifact is the same as Selenium's.
]]></system-err>
  </testcase>
  <testcase name="verifyUserRegistration" classname="com.automation.tests.RegistrationTest" time="2.31">
    <system-out><![CDATA[Thread ID: 3
]]></system-out>
    <system-err><![CDATA[[main] INFO io.github.bonigarcia.wdm.WebDriverManager - Using chromedriver 147.0.7727.57 (resolved driver for Chrome 147)
[main] INFO io.github.bonigarcia.wdm.WebDriverManager - Exporting webdriver.chrome.driver as C:\Users\Lenovo\.cache\selenium\chromedriver\win64\147.0.7727.57\chromedriver.exe
Apr 18, 2026 2:54:00 AM org.openqa.selenium.devtools.CdpVersionFinder findNearestMatch
WARNING: Unable to find CDP implementation matching 147
Apr 18, 2026 2:54:00 AM org.openqa.selenium.chromium.ChromiumDriver lambda$new$5
WARNING: Unable to find version of CDP to use for 147.0.7727.55. You may need to include a dependency on a specific version of the CDP using something similar to `org.seleniumhq.selenium:selenium-devtools-v86:4.21.0` where the version ("v86") matches the version of the chromium-based browser you're using and the version number of the artifact is the same as Selenium's.
]]></system-err>
  </testcase>
  <testcase name="verifyCategoryNavigationFunctionality" classname="com.automation.tests.HomePageTest" time="10.65">
    <system-out><![CDATA[Thread ID: 3
]]></system-out>
    <system-err><![CDATA[[main] INFO io.github.bonigarcia.wdm.WebDriverManager - Using chromedriver 147.0.7727.57 (resolved driver for Chrome 147)
[main] INFO io.github.bonigarcia.wdm.WebDriverManager - Exporting webdriver.chrome.driver as C:\Users\Lenovo\.cache\selenium\chromedriver\win64\147.0.7727.57\chromedriver.exe
Apr 18, 2026 2:54:06 AM org.openqa.selenium.devtools.CdpVersionFinder findNearestMatch
WARNING: Unable to find CDP implementation matching 147
Apr 18, 2026 2:54:06 AM org.openqa.selenium.chromium.ChromiumDriver lambda$new$5
WARNING: Unable to find version of CDP to use for 147.0.7727.55. You may need to include a dependency on a specific version of the CDP using something similar to `org.seleniumhq.selenium:selenium-devtools-v86:4.21.0` where the version ("v86") matches the version of the chromium-based browser you're using and the version number of the artifact is the same as Selenium's.
]]></system-err>
  </testcase>
  <testcase name="verifyInvalidSearchFunctionality" classname="com.automation.tests.HomePageTest" time="1.641">
    <system-out><![CDATA[Thread ID: 3
]]></system-out>
    <system-err><![CDATA[[main] INFO io.github.bonigarcia.wdm.WebDriverManager - Using chromedriver 147.0.7727.57 (resolved driver for Chrome 147)
[main] INFO io.github.bonigarcia.wdm.WebDriverManager - Exporting webdriver.chrome.driver as C:\Users\Lenovo\.cache\selenium\chromedriver\win64\147.0.7727.57\chromedriver.exe
Apr 18, 2026 2:54:20 AM org.openqa.selenium.devtools.CdpVersionFinder findNearestMatch
WARNING: Unable to find CDP implementation matching 147
Apr 18, 2026 2:54:20 AM org.openqa.selenium.chromium.ChromiumDriver lambda$new$5
WARNING: Unable to find version of CDP to use for 147.0.7727.55. You may need to include a dependency on a specific version of the CDP using something similar to `org.seleniumhq.selenium:selenium-devtools-v86:4.21.0` where the version ("v86") matches the version of the chromium-based browser you're using and the version number of the artifact is the same as Selenium's.
]]></system-err>
  </testcase>
  <testcase name="verifyValidSearchFunctionality" classname="com.automation.tests.HomePageTest" time="1.381">
    <system-out><![CDATA[Thread ID: 3
]]></system-out>
    <system-err><![CDATA[[main] INFO io.github.bonigarcia.wdm.WebDriverManager - Using chromedriver 147.0.7727.57 (resolved driver for Chrome 147)
[main] INFO io.github.bonigarcia.wdm.WebDriverManager - Exporting webdriver.chrome.driver as C:\Users\Lenovo\.cache\selenium\chromedriver\win64\147.0.7727.57\chromedriver.exe
Apr 18, 2026 2:54:25 AM org.openqa.selenium.devtools.CdpVersionFinder findNearestMatch
WARNING: Unable to find CDP implementation matching 147
Apr 18, 2026 2:54:25 AM org.openqa.selenium.chromium.ChromiumDriver lambda$new$5
WARNING: Unable to find version of CDP to use for 147.0.7727.55. You may need to include a dependency on a specific version of the CDP using something similar to `org.seleniumhq.selenium:selenium-devtools-v86:4.21.0` where the version ("v86") matches the version of the chromium-based browser you're using and the version number of the artifact is the same as Selenium's.
]]></system-err>
  </testcase>
</testsuite>