<?xml version="1.0" encoding="UTF-8"?>
<testng-results ignored="0" total="4" passed="4" failed="0" skipped="0">
  <reporter-output>
  </reporter-output>
  <suite started-at="2026-04-16T11:45:56 IST" name="Automation Suite" finished-at="2026-04-16T11:46:19 IST" duration-ms="22362">
    <groups>
    </groups>
    <test started-at="2026-04-16T11:45:56 IST" name="UI Tests" finished-at="2026-04-16T11:46:19 IST" duration-ms="22362">
      <class name="com.automation.tests.RegistrationTest">
        <test-method is-config="true" signature="setUp()[pri:0, instance:com.automation.tests.RegistrationTest@4d02f94e]" started-at="2026-04-16T11:46:05 IST" name="setUp" finished-at="2026-04-16T11:46:08 IST" duration-ms="2474" status="PASS">
          <reporter-output>
          </reporter-output>
        </test-method> <!-- setUp -->
        <test-method signature="verifyUserRegistration()[pri:0, instance:com.automation.tests.RegistrationTest@4d02f94e]" started-at="2026-04-16T11:46:08 IST" name="verifyUserRegistration" finished-at="2026-04-16T11:46:09 IST" duration-ms="1662" status="PASS">
          <reporter-output>
          </reporter-output>
        </test-method> <!-- verifyUserRegistration -->
        <test-method is-config="true" signature="tearDown()[pri:0, instance:com.automation.tests.RegistrationTest@4d02f94e]" started-at="2026-04-16T11:46:09 IST" name="tearDown" finished-at="2026-04-16T11:46:09 IST" duration-ms="141" status="PASS">
          <reporter-output>
          </reporter-output>
        </test-method> <!-- tearDown -->
      </class> <!-- com.automation.tests.RegistrationTest -->
      <class name="com.automation.tests.HomePageTest">
        <test-method is-config="true" signature="setUp()[pri:0, instance:com.automation.tests.HomePageTest@2b48a640]" started-at="2026-04-16T11:46:09 IST" name="setUp" finished-at="2026-04-16T11:46:12 IST" duration-ms="2474" status="PASS">
          <reporter-output>
          </reporter-output>
        </test-method> <!-- setUp -->
        <test-method signature="verifySearchFunctionality()[pri:0, instance:com.automation.tests.HomePageTest@2b48a640]" started-at="2026-04-16T11:46:12 IST" name="verifySearchFunctionality" finished-at="2026-04-16T11:46:18 IST" duration-ms="6450" status="PASS">
          <reporter-output>
          </reporter-output>
        </test-method> <!-- verifySearchFunctionality -->
        <test-method is-config="true" signature="tearDown()[pri:0, instance:com.automation.tests.HomePageTest@2b48a640]" started-at="2026-04-16T11:46:18 IST" name="tearDown" finished-at="2026-04-16T11:46:19 IST" duration-ms="159" status="PASS">
          <reporter-output>
          </reporter-output>
        </test-method> <!-- tearDown -->
      </class> <!-- com.automation.tests.HomePageTest -->
      <class name="com.automation.tests.LoginTest">
        <test-method is-config="true" signature="setUp()[pri:0, instance:com.automation.tests.LoginTest@ea6147e]" started-at="2026-04-16T11:45:56 IST" name="setUp" finished-at="2026-04-16T11:46:00 IST" duration-ms="3386" status="PASS">
          <reporter-output>
          </reporter-output>
        </test-method> <!-- setUp -->
        <test-method signature="verifyInvalidLogin()[pri:0, instance:com.automation.tests.LoginTest@ea6147e]" started-at="2026-04-16T11:46:00 IST" name="verifyInvalidLogin" description="Invalid Login Test" finished-at="2026-04-16T11:46:00 IST" duration-ms="763" status="PASS">
          <reporter-output>
          </reporter-output>
        </test-method> <!-- verifyInvalidLogin -->
        <test-method is-config="true" signature="tearDown()[pri:0, instance:com.automation.tests.LoginTest@ea6147e]" started-at="2026-04-16T11:46:00 IST" name="tearDown" finished-at="2026-04-16T11:46:01 IST" duration-ms="146" status="PASS">
          <reporter-output>
          </reporter-output>
        </test-method> <!-- tearDown -->
        <test-method is-config="true" signature="setUp()[pri:0, instance:com.automation.tests.LoginTest@ea6147e]" started-at="2026-04-16T11:46:01 IST" name="setUp" finished-at="2026-04-16T11:46:03 IST" duration-ms="2476" status="PASS">
          <reporter-output>
          </reporter-output>
        </test-method> <!-- setUp -->
        <test-method signature="verifyValidLogin()[pri:0, instance:com.automation.tests.LoginTest@ea6147e]" started-at="2026-04-16T11:46:03 IST" name="verifyValidLogin" description="Valid Login Test" finished-at="2026-04-16T11:46:05 IST" duration-ms="2020" status="PASS">
          <reporter-output>
          </reporter-output>
        </test-method> <!-- verifyValidLogin -->
        <test-method is-config="true" signature="tearDown()[pri:0, instance:com.automation.tests.LoginTest@ea6147e]" started-at="2026-04-16T11:46:05 IST" name="tearDown" finished-at="2026-04-16T11:46:05 IST" duration-ms="166" status="PASS">
          <reporter-output>
          </reporter-output>
        </test-method> <!-- tearDown -->
      </class> <!-- com.automation.tests.LoginTest -->
    </test> <!-- UI Tests -->
  </suite> <!-- Automation Suite -->
</testng-results>
