<?xml version="1.0" encoding="UTF-8"?>
<testng-results ignored="0" total="15" passed="14" failed="1" skipped="0">
  <reporter-output>
  </reporter-output>
  <suite started-at="2026-04-23T16:24:14 IST" name="Demo Web Shop Automation Suite" finished-at="2026-04-23T16:25:51 IST" duration-ms="97234">
    <groups>
      <group name="regression">
        <method signature="RegistrationTest.verifyInvalidUserRegistration()[pri:0, instance:com.automation.tests.RegistrationTest@4b013c76]" name="verifyInvalidUserRegistration" class="com.automation.tests.RegistrationTest"/>
        <method signature="RegistrationTest.verifyUserRegistration(java.lang.String,java.lang.String,java.lang.String,java.lang.String)[pri:0, instance:com.automation.tests.RegistrationTest@4b013c76]" name="verifyUserRegistration" class="com.automation.tests.RegistrationTest"/>
        <method signature="ShoppingCartTest.verifyEmptyCartMessage()[pri:0, instance:com.automation.tests.ShoppingCartTest@cb0755b]" name="verifyEmptyCartMessage" class="com.automation.tests.ShoppingCartTest"/>
        <method signature="ShoppingCartTest.verifyProductPriceInCart()[pri:0, instance:com.automation.tests.ShoppingCartTest@cb0755b]" name="verifyProductPriceInCart" class="com.automation.tests.ShoppingCartTest"/>
        <method signature="ShoppingCartTest.verifyRemoveMultipleProductsFromCart()[pri:0, instance:com.automation.tests.ShoppingCartTest@cb0755b]" name="verifyRemoveMultipleProductsFromCart" class="com.automation.tests.ShoppingCartTest"/>
        <method signature="ShoppingCartTest.verifyRemoveSingleProductFromCart()[pri:0, instance:com.automation.tests.ShoppingCartTest@cb0755b]" name="verifyRemoveSingleProductFromCart" class="com.automation.tests.ShoppingCartTest"/>
        <method signature="ShoppingCartTest.verifyUpdateProductQuantityInCart()[pri:0, instance:com.automation.tests.ShoppingCartTest@cb0755b]" name="verifyUpdateProductQuantityInCart" class="com.automation.tests.ShoppingCartTest"/>
      </group> <!-- regression -->
      <group name="smoke">
        <method signature="HomePageTest.verifyCategoryNavigationFunctionality()[pri:0, instance:com.automation.tests.HomePageTest@53fb3dab]" name="verifyCategoryNavigationFunctionality" class="com.automation.tests.HomePageTest"/>
        <method signature="HomePageTest.verifyInvalidSearchFunctionality()[pri:0, instance:com.automation.tests.HomePageTest@53fb3dab]" name="verifyInvalidSearchFunctionality" class="com.automation.tests.HomePageTest"/>
        <method signature="HomePageTest.verifySearchWithBlankInput()[pri:0, instance:com.automation.tests.HomePageTest@53fb3dab]" name="verifySearchWithBlankInput" class="com.automation.tests.HomePageTest"/>
        <method signature="HomePageTest.verifyValidSearchFunctionality()[pri:0, instance:com.automation.tests.HomePageTest@53fb3dab]" name="verifyValidSearchFunctionality" class="com.automation.tests.HomePageTest"/>
        <method signature="LoginTest.verifyInvalidLogin()[pri:0, instance:com.automation.tests.LoginTest@54c5a2ff]" name="verifyInvalidLogin" class="com.automation.tests.LoginTest"/>
        <method signature="LoginTest.verifyLogoutFunctionality()[pri:0, instance:com.automation.tests.LoginTest@54c5a2ff]" name="verifyLogoutFunctionality" class="com.automation.tests.LoginTest"/>
        <method signature="LoginTest.verifyValidLogin()[pri:0, instance:com.automation.tests.LoginTest@54c5a2ff]" name="verifyValidLogin" class="com.automation.tests.LoginTest"/>
        <method signature="ShoppingCartTest.verifyEmptyCartMessage()[pri:0, instance:com.automation.tests.ShoppingCartTest@cb0755b]" name="verifyEmptyCartMessage" class="com.automation.tests.ShoppingCartTest"/>
        <method signature="ShoppingCartTest.verifyRemoveSingleProductFromCart()[pri:0, instance:com.automation.tests.ShoppingCartTest@cb0755b]" name="verifyRemoveSingleProductFromCart" class="com.automation.tests.ShoppingCartTest"/>
        <method signature="ShoppingCartTest.verifyUpdateProductQuantityInCart()[pri:0, instance:com.automation.tests.ShoppingCartTest@cb0755b]" name="verifyUpdateProductQuantityInCart" class="com.automation.tests.ShoppingCartTest"/>
      </group> <!-- smoke -->
    </groups>
    <test started-at="2026-04-23T16:24:14 IST" name="Demo Web Shop UI Tests" finished-at="2026-04-23T16:25:51 IST" duration-ms="97234">
      <class name="com.automation.tests.RegistrationTest">
        <test-method is-config="true" signature="setUp(java.lang.reflect.Method)[pri:0, instance:com.automation.tests.RegistrationTest@4b013c76]" started-at="2026-04-23T16:24:29 IST" name="setUp" finished-at="2026-04-23T16:24:33 IST" duration-ms="3309" status="PASS">
          <params>
            <param index="0">
              <value>
                <![CDATA[public void com.automation.tests.RegistrationTest.verifyInvalidUserRegistration()]]>
              </value>
            </param>
          </params>
          <reporter-output>
          </reporter-output>
        </test-method> <!-- setUp -->
        <test-method signature="verifyInvalidUserRegistration()[pri:0, instance:com.automation.tests.RegistrationTest@4b013c76]" started-at="2026-04-23T16:24:33 IST" name="verifyInvalidUserRegistration" description="Verify user registration fails when passwords do not match" finished-at="2026-04-23T16:24:34 IST" duration-ms="918" status="PASS">
          <reporter-output>
          </reporter-output>
        </test-method> <!-- verifyInvalidUserRegistration -->
        <test-method is-config="true" signature="tearDown()[pri:0, instance:com.automation.tests.RegistrationTest@4b013c76]" started-at="2026-04-23T16:24:34 IST" name="tearDown" finished-at="2026-04-23T16:24:34 IST" duration-ms="148" status="PASS">
          <reporter-output>
          </reporter-output>
        </test-method> <!-- tearDown -->
        <test-method is-config="true" signature="setUp(java.lang.reflect.Method)[pri:0, instance:com.automation.tests.RegistrationTest@4b013c76]" started-at="2026-04-23T16:24:34 IST" name="setUp" finished-at="2026-04-23T16:24:37 IST" duration-ms="2960" status="PASS">
          <params>
            <param index="0">
              <value>
                <![CDATA[public void com.automation.tests.RegistrationTest.verifyUserRegistration(java.lang.String,java.lang.String,java.lang.String,java.lang.String)]]>
              </value>
            </param>
          </params>
          <reporter-output>
          </reporter-output>
        </test-method> <!-- setUp -->
        <test-method signature="verifyUserRegistration(java.lang.String,java.lang.String,java.lang.String,java.lang.String)[pri:0, instance:com.automation.tests.RegistrationTest@4b013c76]" started-at="2026-04-23T16:24:37 IST" name="verifyUserRegistration" description="Verify successful user registration" data-provider="registrationData" finished-at="2026-04-23T16:24:39 IST" duration-ms="1809" status="PASS">
          <params>
            <param index="0">
              <value>
                <![CDATA[Rachit]]>
              </value>
            </param>
            <param index="1">
              <value>
                <![CDATA[Saurabh]]>
              </value>
            </param>
            <param index="2">
              <value>
                <![CDATA[Test1776941674256@gmail.com]]>
              </value>
            </param>
            <param index="3">
              <value>
                <![CDATA[Test@123]]>
              </value>
            </param>
          </params>
          <reporter-output>
          </reporter-output>
        </test-method> <!-- verifyUserRegistration -->
        <test-method is-config="true" signature="tearDown()[pri:0, instance:com.automation.tests.RegistrationTest@4b013c76]" started-at="2026-04-23T16:24:39 IST" name="tearDown" finished-at="2026-04-23T16:24:39 IST" duration-ms="144" status="PASS">
          <reporter-output>
          </reporter-output>
        </test-method> <!-- tearDown -->
      </class> <!-- com.automation.tests.RegistrationTest -->
      <class name="com.automation.tests.HomePageTest">
        <test-method is-config="true" signature="setUp(java.lang.reflect.Method)[pri:0, instance:com.automation.tests.HomePageTest@53fb3dab]" started-at="2026-04-23T16:24:39 IST" name="setUp" finished-at="2026-04-23T16:24:42 IST" duration-ms="3508" status="PASS">
          <params>
            <param index="0">
              <value>
                <![CDATA[public void com.automation.tests.HomePageTest.verifyCategoryNavigationFunctionality()]]>
              </value>
            </param>
          </params>
          <reporter-output>
          </reporter-output>
        </test-method> <!-- setUp -->
        <test-method signature="verifyCategoryNavigationFunctionality()[pri:0, instance:com.automation.tests.HomePageTest@53fb3dab]" started-at="2026-04-23T16:24:42 IST" name="verifyCategoryNavigationFunctionality" description="Verify page navigation on each category" finished-at="2026-04-23T16:24:48 IST" duration-ms="6278" status="PASS">
          <reporter-output>
          </reporter-output>
        </test-method> <!-- verifyCategoryNavigationFunctionality -->
        <test-method is-config="true" signature="tearDown()[pri:0, instance:com.automation.tests.HomePageTest@53fb3dab]" started-at="2026-04-23T16:24:48 IST" name="tearDown" finished-at="2026-04-23T16:24:49 IST" duration-ms="151" status="PASS">
          <reporter-output>
          </reporter-output>
        </test-method> <!-- tearDown -->
        <test-method is-config="true" signature="setUp(java.lang.reflect.Method)[pri:0, instance:com.automation.tests.HomePageTest@53fb3dab]" started-at="2026-04-23T16:24:49 IST" name="setUp" finished-at="2026-04-23T16:24:51 IST" duration-ms="2889" status="PASS">
          <params>
            <param index="0">
              <value>
                <![CDATA[public void com.automation.tests.HomePageTest.verifyInvalidSearchFunctionality()]]>
              </value>
            </param>
          </params>
          <reporter-output>
          </reporter-output>
        </test-method> <!-- setUp -->
        <test-method signature="verifyInvalidSearchFunctionality()[pri:0, instance:com.automation.tests.HomePageTest@53fb3dab]" started-at="2026-04-23T16:24:51 IST" name="verifyInvalidSearchFunctionality" description="Verify Invalid Search" finished-at="2026-04-23T16:24:52 IST" duration-ms="935" status="PASS">
          <reporter-output>
          </reporter-output>
        </test-method> <!-- verifyInvalidSearchFunctionality -->
        <test-method is-config="true" signature="tearDown()[pri:0, instance:com.automation.tests.HomePageTest@53fb3dab]" started-at="2026-04-23T16:24:52 IST" name="tearDown" finished-at="2026-04-23T16:24:53 IST" duration-ms="154" status="PASS">
          <reporter-output>
          </reporter-output>
        </test-method> <!-- tearDown -->
        <test-method is-config="true" signature="setUp(java.lang.reflect.Method)[pri:0, instance:com.automation.tests.HomePageTest@53fb3dab]" started-at="2026-04-23T16:24:53 IST" name="setUp" finished-at="2026-04-23T16:24:56 IST" duration-ms="3044" status="PASS">
          <params>
            <param index="0">
              <value>
                <![CDATA[public void com.automation.tests.HomePageTest.verifySearchWithBlankInput()]]>
              </value>
            </param>
          </params>
          <reporter-output>
          </reporter-output>
        </test-method> <!-- setUp -->
        <test-method signature="verifySearchWithBlankInput()[pri:0, instance:com.automation.tests.HomePageTest@53fb3dab]" started-at="2026-04-23T16:24:56 IST" name="verifySearchWithBlankInput" description="Verify search with blank input shows alert" finished-at="2026-04-23T16:24:56 IST" duration-ms="317" status="PASS">
          <reporter-output>
          </reporter-output>
        </test-method> <!-- verifySearchWithBlankInput -->
        <test-method is-config="true" signature="tearDown()[pri:0, instance:com.automation.tests.HomePageTest@53fb3dab]" started-at="2026-04-23T16:24:56 IST" name="tearDown" finished-at="2026-04-23T16:24:56 IST" duration-ms="127" status="PASS">
          <reporter-output>
          </reporter-output>
        </test-method> <!-- tearDown -->
        <test-method is-config="true" signature="setUp(java.lang.reflect.Method)[pri:0, instance:com.automation.tests.HomePageTest@53fb3dab]" started-at="2026-04-23T16:24:56 IST" name="setUp" finished-at="2026-04-23T16:24:59 IST" duration-ms="3028" status="PASS">
          <params>
            <param index="0">
              <value>
                <![CDATA[public void com.automation.tests.HomePageTest.verifyValidSearchFunctionality()]]>
              </value>
            </param>
          </params>
          <reporter-output>
          </reporter-output>
        </test-method> <!-- setUp -->
        <test-method signature="verifyValidSearchFunctionality()[pri:0, instance:com.automation.tests.HomePageTest@53fb3dab]" started-at="2026-04-23T16:24:59 IST" name="verifyValidSearchFunctionality" description="Verify Search Functionality" finished-at="2026-04-23T16:25:00 IST" duration-ms="1054" status="PASS">
          <reporter-output>
          </reporter-output>
        </test-method> <!-- verifyValidSearchFunctionality -->
        <test-method is-config="true" signature="tearDown()[pri:0, instance:com.automation.tests.HomePageTest@53fb3dab]" started-at="2026-04-23T16:25:00 IST" name="tearDown" finished-at="2026-04-23T16:25:00 IST" duration-ms="163" status="PASS">
          <reporter-output>
          </reporter-output>
        </test-method> <!-- tearDown -->
      </class> <!-- com.automation.tests.HomePageTest -->
      <class name="com.automation.tests.LoginTest">
        <test-method is-config="true" signature="setUp(java.lang.reflect.Method)[pri:0, instance:com.automation.tests.LoginTest@54c5a2ff]" started-at="2026-04-23T16:24:14 IST" name="setUp" finished-at="2026-04-23T16:24:17 IST" duration-ms="3800" status="PASS">
          <params>
            <param index="0">
              <value>
                <![CDATA[public void com.automation.tests.LoginTest.verifyInvalidLogin()]]>
              </value>
            </param>
          </params>
          <reporter-output>
          </reporter-output>
        </test-method> <!-- setUp -->
        <test-method signature="verifyInvalidLogin()[pri:0, instance:com.automation.tests.LoginTest@54c5a2ff]" started-at="2026-04-23T16:24:17 IST" name="verifyInvalidLogin" description="Invalid Login Test" finished-at="2026-04-23T16:24:19 IST" duration-ms="1185" status="PASS">
          <reporter-output>
          </reporter-output>
        </test-method> <!-- verifyInvalidLogin -->
        <test-method is-config="true" signature="tearDown()[pri:0, instance:com.automation.tests.LoginTest@54c5a2ff]" started-at="2026-04-23T16:24:19 IST" name="tearDown" finished-at="2026-04-23T16:24:19 IST" duration-ms="171" status="PASS">
          <reporter-output>
          </reporter-output>
        </test-method> <!-- tearDown -->
        <test-method is-config="true" signature="setUp(java.lang.reflect.Method)[pri:0, instance:com.automation.tests.LoginTest@54c5a2ff]" started-at="2026-04-23T16:24:19 IST" name="setUp" finished-at="2026-04-23T16:24:22 IST" duration-ms="2869" status="PASS">
          <params>
            <param index="0">
              <value>
                <![CDATA[public void com.automation.tests.LoginTest.verifyLogoutFunctionality()]]>
              </value>
            </param>
          </params>
          <reporter-output>
          </reporter-output>
        </test-method> <!-- setUp -->
        <test-method signature="verifyLogoutFunctionality()[pri:0, instance:com.automation.tests.LoginTest@54c5a2ff]" started-at="2026-04-23T16:24:22 IST" name="verifyLogoutFunctionality" description="Verify Logout functionality" finished-at="2026-04-23T16:24:24 IST" duration-ms="2575" status="PASS">
          <reporter-output>
          </reporter-output>
        </test-method> <!-- verifyLogoutFunctionality -->
        <test-method is-config="true" signature="tearDown()[pri:0, instance:com.automation.tests.LoginTest@54c5a2ff]" started-at="2026-04-23T16:24:24 IST" name="tearDown" finished-at="2026-04-23T16:24:24 IST" duration-ms="163" status="PASS">
          <reporter-output>
          </reporter-output>
        </test-method> <!-- tearDown -->
        <test-method is-config="true" signature="setUp(java.lang.reflect.Method)[pri:0, instance:com.automation.tests.LoginTest@54c5a2ff]" started-at="2026-04-23T16:24:24 IST" name="setUp" finished-at="2026-04-23T16:24:28 IST" duration-ms="3260" status="PASS">
          <params>
            <param index="0">
              <value>
                <![CDATA[public void com.automation.tests.LoginTest.verifyValidLogin()]]>
              </value>
            </param>
          </params>
          <reporter-output>
          </reporter-output>
        </test-method> <!-- setUp -->
        <test-method signature="verifyValidLogin()[pri:0, instance:com.automation.tests.LoginTest@54c5a2ff]" started-at="2026-04-23T16:24:28 IST" name="verifyValidLogin" description="Valid Login Test" finished-at="2026-04-23T16:24:29 IST" duration-ms="1596" status="PASS">
          <reporter-output>
          </reporter-output>
        </test-method> <!-- verifyValidLogin -->
        <test-method is-config="true" signature="tearDown()[pri:0, instance:com.automation.tests.LoginTest@54c5a2ff]" started-at="2026-04-23T16:24:29 IST" name="tearDown" finished-at="2026-04-23T16:24:29 IST" duration-ms="154" status="PASS">
          <reporter-output>
          </reporter-output>
        </test-method> <!-- tearDown -->
      </class> <!-- com.automation.tests.LoginTest -->
      <class name="com.automation.tests.ShoppingCartTest">
        <test-method is-config="true" signature="setUp(java.lang.reflect.Method)[pri:0, instance:com.automation.tests.ShoppingCartTest@cb0755b]" started-at="2026-04-23T16:25:00 IST" name="setUp" finished-at="2026-04-23T16:25:03 IST" duration-ms="3036" status="PASS">
          <params>
            <param index="0">
              <value>
                <![CDATA[public void com.automation.tests.ShoppingCartTest.verifyEmptyCartMessage()]]>
              </value>
            </param>
          </params>
          <reporter-output>
          </reporter-output>
        </test-method> <!-- setUp -->
        <test-method signature="verifyEmptyCartMessage()[pri:0, instance:com.automation.tests.ShoppingCartTest@cb0755b]" started-at="2026-04-23T16:25:03 IST" name="verifyEmptyCartMessage" description="Verify cart is empty" finished-at="2026-04-23T16:25:04 IST" duration-ms="665" status="PASS">
          <reporter-output>
          </reporter-output>
        </test-method> <!-- verifyEmptyCartMessage -->
        <test-method is-config="true" signature="tearDown()[pri:0, instance:com.automation.tests.ShoppingCartTest@cb0755b]" started-at="2026-04-23T16:25:04 IST" name="tearDown" finished-at="2026-04-23T16:25:04 IST" duration-ms="136" status="PASS">
          <reporter-output>
          </reporter-output>
        </test-method> <!-- tearDown -->
        <test-method is-config="true" signature="setUp(java.lang.reflect.Method)[pri:0, instance:com.automation.tests.ShoppingCartTest@cb0755b]" started-at="2026-04-23T16:25:04 IST" name="setUp" finished-at="2026-04-23T16:25:07 IST" duration-ms="2796" status="PASS">
          <params>
            <param index="0">
              <value>
                <![CDATA[public void com.automation.tests.ShoppingCartTest.verifyProductAddedSuccessfully()]]>
              </value>
            </param>
          </params>
          <reporter-output>
          </reporter-output>
        </test-method> <!-- setUp -->
        <test-method signature="verifyProductAddedSuccessfully()[pri:0, instance:com.automation.tests.ShoppingCartTest@cb0755b]" started-at="2026-04-23T16:25:07 IST" name="verifyProductAddedSuccessfully" description="Verify product added successfully" finished-at="2026-04-23T16:25:10 IST" duration-ms="2800" status="PASS">
          <reporter-output>
          </reporter-output>
        </test-method> <!-- verifyProductAddedSuccessfully -->
        <test-method is-config="true" signature="tearDown()[pri:0, instance:com.automation.tests.ShoppingCartTest@cb0755b]" started-at="2026-04-23T16:25:10 IST" name="tearDown" finished-at="2026-04-23T16:25:10 IST" duration-ms="139" status="PASS">
          <reporter-output>
          </reporter-output>
        </test-method> <!-- tearDown -->
        <test-method is-config="true" signature="setUp(java.lang.reflect.Method)[pri:0, instance:com.automation.tests.ShoppingCartTest@cb0755b]" started-at="2026-04-23T16:25:10 IST" name="setUp" finished-at="2026-04-23T16:25:13 IST" duration-ms="2847" status="PASS">
          <params>
            <param index="0">
              <value>
                <![CDATA[public void com.automation.tests.ShoppingCartTest.verifyProductPriceInCart()]]>
              </value>
            </param>
          </params>
          <reporter-output>
          </reporter-output>
        </test-method> <!-- setUp -->
        <test-method signature="verifyProductPriceInCart()[pri:0, instance:com.automation.tests.ShoppingCartTest@cb0755b]" started-at="2026-04-23T16:25:13 IST" name="verifyProductPriceInCart" description="Verify product price calculation" finished-at="2026-04-23T16:25:15 IST" duration-ms="2328" status="PASS">
          <reporter-output>
          </reporter-output>
        </test-method> <!-- verifyProductPriceInCart -->
        <test-method is-config="true" signature="tearDown()[pri:0, instance:com.automation.tests.ShoppingCartTest@cb0755b]" started-at="2026-04-23T16:25:15 IST" name="tearDown" finished-at="2026-04-23T16:25:15 IST" duration-ms="147" status="PASS">
          <reporter-output>
          </reporter-output>
        </test-method> <!-- tearDown -->
        <test-method is-config="true" signature="setUp(java.lang.reflect.Method)[pri:0, instance:com.automation.tests.ShoppingCartTest@cb0755b]" started-at="2026-04-23T16:25:15 IST" name="setUp" finished-at="2026-04-23T16:25:18 IST" duration-ms="2982" status="PASS">
          <params>
            <param index="0">
              <value>
                <![CDATA[public void com.automation.tests.ShoppingCartTest.verifyRemoveMultipleProductsFromCart()]]>
              </value>
            </param>
          </params>
          <reporter-output>
          </reporter-output>
        </test-method> <!-- setUp -->
        <test-method signature="verifyRemoveMultipleProductsFromCart()[pri:0, instance:com.automation.tests.ShoppingCartTest@cb0755b]" started-at="2026-04-23T16:25:18 IST" name="verifyRemoveMultipleProductsFromCart" description="Verify user can remove multiple products from Cart" finished-at="2026-04-23T16:25:24 IST" duration-ms="5639" status="PASS">
          <reporter-output>
          </reporter-output>
        </test-method> <!-- verifyRemoveMultipleProductsFromCart -->
        <test-method is-config="true" signature="tearDown()[pri:0, instance:com.automation.tests.ShoppingCartTest@cb0755b]" started-at="2026-04-23T16:25:24 IST" name="tearDown" finished-at="2026-04-23T16:25:24 IST" duration-ms="152" status="PASS">
          <reporter-output>
          </reporter-output>
        </test-method> <!-- tearDown -->
        <test-method is-config="true" signature="setUp(java.lang.reflect.Method)[pri:0, instance:com.automation.tests.ShoppingCartTest@cb0755b]" started-at="2026-04-23T16:25:24 IST" name="setUp" finished-at="2026-04-23T16:25:27 IST" duration-ms="2859" status="PASS">
          <params>
            <param index="0">
              <value>
                <![CDATA[public void com.automation.tests.ShoppingCartTest.verifyRemoveSingleProductFromCart()]]>
              </value>
            </param>
          </params>
          <reporter-output>
          </reporter-output>
        </test-method> <!-- setUp -->
        <test-method signature="verifyRemoveSingleProductFromCart()[pri:0, instance:com.automation.tests.ShoppingCartTest@cb0755b]" started-at="2026-04-23T16:25:27 IST" name="verifyRemoveSingleProductFromCart" description="Verify user can remove single product from Cart" finished-at="2026-04-23T16:25:45 IST" duration-ms="17827" status="PASS">
          <reporter-output>
          </reporter-output>
        </test-method> <!-- verifyRemoveSingleProductFromCart -->
        <test-method is-config="true" signature="tearDown()[pri:0, instance:com.automation.tests.ShoppingCartTest@cb0755b]" started-at="2026-04-23T16:25:45 IST" name="tearDown" finished-at="2026-04-23T16:25:45 IST" duration-ms="177" status="PASS">
          <reporter-output>
          </reporter-output>
        </test-method> <!-- tearDown -->
        <test-method is-config="true" signature="setUp(java.lang.reflect.Method)[pri:0, instance:com.automation.tests.ShoppingCartTest@cb0755b]" started-at="2026-04-23T16:25:45 IST" name="setUp" finished-at="2026-04-23T16:25:48 IST" duration-ms="2873" status="PASS">
          <params>
            <param index="0">
              <value>
                <![CDATA[public void com.automation.tests.ShoppingCartTest.verifyUpdateProductQuantityInCart()]]>
              </value>
            </param>
          </params>
          <reporter-output>
          </reporter-output>
        </test-method> <!-- setUp -->
        <test-method signature="verifyUpdateProductQuantityInCart()[pri:0, instance:com.automation.tests.ShoppingCartTest@cb0755b]" started-at="2026-04-23T16:25:48 IST" name="verifyUpdateProductQuantityInCart" description="Verify update product quantity" finished-at="2026-04-23T16:25:51 IST" duration-ms="2801" status="FAIL">
          <exception class="org.openqa.selenium.StaleElementReferenceException">
            <message>
              <![CDATA[stale element reference: stale element not found
  (Session info: chrome=147.0.7727.102)
For documentation on this error, please visit: https://www.selenium.dev/documentation/webdriver/troubleshooting/errors#stale-element-reference-exception
Build info: version: '4.21.0', revision: '79ed462ef4'
System info: os.name: 'Windows 11', os.arch: 'amd64', os.version: '10.0', java.version: '25'
Driver info: org.openqa.selenium.chrome.ChromeDriver
Command: [2f574ed402ca05667d7be336232bc658, getElementAttribute {name=value, id=f.BA6156B52D0FF9E656A52C669F2B35D2.d.7CCA7D12D6B6732B9F714895E5809817.e.84}]
Capabilities {acceptInsecureCerts: false, browserName: chrome, browserVersion: 147.0.7727.102, chrome: {chromedriverVersion: 147.0.7727.117 (474cc805edd..., userDataDir: C:\Users\Lenovo\AppData\Loc...}, fedcm:accounts: true, goog:chromeOptions: {debuggerAddress: localhost:56109}, goog:processID: 27024, networkConnectionEnabled: false, pageLoadStrategy: normal, platformName: windows, proxy: Proxy(), se:cdp: ws://localhost:56109/devtoo..., se:cdpVersion: 147.0.7727.102, setWindowRect: true, strictFileInteractability: false, timeouts: {implicit: 0, pageLoad: 300000, script: 30000}, unhandledPromptBehavior: ignore, webauthn:extension:credBlob: true, webauthn:extension:largeBlob: true, webauthn:extension:minPinLength: true, webauthn:extension:prf: true, webauthn:virtualAuthenticators: true}
Element: [[ChromeDriver: chrome on windows (2f574ed402ca05667d7be336232bc658)] -> xpath: //a[contains(text(),'Smartphone')]/ancestor::tr//input[contains(@class,'qty-input')]]
Session ID: 2f574ed402ca05667d7be336232bc658]]>
            </message>
            <full-stacktrace>
              <![CDATA[org.openqa.selenium.StaleElementReferenceException: stale element reference: stale element not found
  (Session info: chrome=147.0.7727.102)
For documentation on this error, please visit: https://www.selenium.dev/documentation/webdriver/troubleshooting/errors#stale-element-reference-exception
Build info: version: '4.21.0', revision: '79ed462ef4'
System info: os.name: 'Windows 11', os.arch: 'amd64', os.version: '10.0', java.version: '25'
Driver info: org.openqa.selenium.chrome.ChromeDriver
Command: [2f574ed402ca05667d7be336232bc658, getElementAttribute {name=value, id=f.BA6156B52D0FF9E656A52C669F2B35D2.d.7CCA7D12D6B6732B9F714895E5809817.e.84}]
Capabilities {acceptInsecureCerts: false, browserName: chrome, browserVersion: 147.0.7727.102, chrome: {chromedriverVersion: 147.0.7727.117 (474cc805edd..., userDataDir: C:\Users\Lenovo\AppData\Loc...}, fedcm:accounts: true, goog:chromeOptions: {debuggerAddress: localhost:56109}, goog:processID: 27024, networkConnectionEnabled: false, pageLoadStrategy: normal, platformName: windows, proxy: Proxy(), se:cdp: ws://localhost:56109/devtoo..., se:cdpVersion: 147.0.7727.102, setWindowRect: true, strictFileInteractability: false, timeouts: {implicit: 0, pageLoad: 300000, script: 30000}, unhandledPromptBehavior: ignore, webauthn:extension:credBlob: true, webauthn:extension:largeBlob: true, webauthn:extension:minPinLength: true, webauthn:extension:prf: true, webauthn:virtualAuthenticators: true}
Element: [[ChromeDriver: chrome on windows (2f574ed402ca05667d7be336232bc658)] -> xpath: //a[contains(text(),'Smartphone')]/ancestor::tr//input[contains(@class,'qty-input')]]
Session ID: 2f574ed402ca05667d7be336232bc658
at java.base/jdk.internal.reflect.DirectConstructorHandleAccessor.newInstance(DirectConstructorHandleAccessor.java:62)
at java.base/java.lang.reflect.Constructor.newInstanceWithCaller(Constructor.java:499)
at java.base/java.lang.reflect.Constructor.newInstance(Constructor.java:483)
at org.openqa.selenium.remote.ErrorCodec.decode(ErrorCodec.java:167)
at org.openqa.selenium.remote.codec.w3c.W3CHttpResponseCodec.decode(W3CHttpResponseCodec.java:138)
at org.openqa.selenium.remote.codec.w3c.W3CHttpResponseCodec.decode(W3CHttpResponseCodec.java:50)
at org.openqa.selenium.remote.HttpCommandExecutor.execute(HttpCommandExecutor.java:190)
at org.openqa.selenium.remote.service.DriverCommandExecutor.invokeExecute(DriverCommandExecutor.java:216)
at org.openqa.selenium.remote.service.DriverCommandExecutor.execute(DriverCommandExecutor.java:174)
at org.openqa.selenium.remote.RemoteWebDriver.execute(RemoteWebDriver.java:518)
at org.openqa.selenium.remote.RemoteWebElement.execute(RemoteWebElement.java:223)
at org.openqa.selenium.remote.RemoteWebElement.getAttribute(RemoteWebElement.java:149)
at com.automation.pages.ShoppingCartPage.getProductQuantity(ShoppingCartPage.java:142)
at com.automation.tests.ShoppingCartTest.verifyUpdateProductQuantityInCart(ShoppingCartTest.java:73)
at java.base/jdk.internal.reflect.DirectMethodHandleAccessor.invoke(DirectMethodHandleAccessor.java:104)
at java.base/java.lang.reflect.Method.invoke(Method.java:565)
at org.testng.internal.invokers.MethodInvocationHelper.invokeMethod(MethodInvocationHelper.java:141)
at org.testng.internal.invokers.TestInvoker.invokeMethod(TestInvoker.java:686)
at org.testng.internal.invokers.TestInvoker.invokeTestMethod(TestInvoker.java:230)
at org.testng.internal.invokers.MethodRunner.runInSequence(MethodRunner.java:63)
at org.testng.internal.invokers.TestInvoker$MethodInvocationAgent.invoke(TestInvoker.java:992)
at org.testng.internal.invokers.TestInvoker.invokeTestMethods(TestInvoker.java:203)
at org.testng.internal.invokers.TestMethodWorker.invokeTestMethods(TestMethodWorker.java:154)
at org.testng.internal.invokers.TestMethodWorker.run(TestMethodWorker.java:134)
at java.base/java.util.ArrayList.forEach(ArrayList.java:1604)
at org.testng.TestRunner.privateRun(TestRunner.java:739)
at org.testng.TestRunner.run(TestRunner.java:614)
at org.testng.SuiteRunner.runTest(SuiteRunner.java:421)
at org.testng.SuiteRunner.runSequentially(SuiteRunner.java:413)
at org.testng.SuiteRunner.privateRun(SuiteRunner.java:373)
at org.testng.SuiteRunner.run(SuiteRunner.java:312)
at org.testng.SuiteRunnerWorker.runSuite(SuiteRunnerWorker.java:52)
at org.testng.SuiteRunnerWorker.run(SuiteRunnerWorker.java:95)
at org.testng.TestNG.runSuitesSequentially(TestNG.java:1274)
at org.testng.TestNG.runSuitesLocally(TestNG.java:1208)
at org.testng.TestNG.runSuites(TestNG.java:1112)
at org.testng.TestNG.run(TestNG.java:1079)
at org.apache.maven.surefire.testng.TestNGExecutor.run(TestNGExecutor.java:308)
at org.apache.maven.surefire.testng.TestNGXmlTestSuite.execute(TestNGXmlTestSuite.java:71)
at org.apache.maven.surefire.testng.TestNGProvider.invoke(TestNGProvider.java:113)
at org.apache.maven.surefire.booter.ForkedBooter.runSuitesInProcess(ForkedBooter.java:385)
at org.apache.maven.surefire.booter.ForkedBooter.execute(ForkedBooter.java:162)
at org.apache.maven.surefire.booter.ForkedBooter.run(ForkedBooter.java:507)
at org.apache.maven.surefire.booter.ForkedBooter.main(ForkedBooter.java:495)
]]>
            </full-stacktrace>
          </exception> <!-- org.openqa.selenium.StaleElementReferenceException -->
          <reporter-output>
          </reporter-output>
        </test-method> <!-- verifyUpdateProductQuantityInCart -->
        <test-method is-config="true" signature="tearDown()[pri:0, instance:com.automation.tests.ShoppingCartTest@cb0755b]" started-at="2026-04-23T16:25:51 IST" name="tearDown" finished-at="2026-04-23T16:25:51 IST" duration-ms="154" status="PASS">
          <reporter-output>
          </reporter-output>
        </test-method> <!-- tearDown -->
      </class> <!-- com.automation.tests.ShoppingCartTest -->
    </test> <!-- Demo Web Shop UI Tests -->
  </suite> <!-- Demo Web Shop Automation Suite -->
</testng-results>
