<?xml version="1.0" encoding="UTF-8"?>
<!-- Generated by org.testng.reporters.JUnitReportReporter -->
<testsuite hostname="Rachit" failures="0" tests="3" name="com.automation.tests.LoginTest" time="21.513" errors="0" timestamp="2026-04-30T12:07:28 IST" skipped="0">
  <testcase classname="com.automation.tests.LoginTest" name="verifyValidLogin" time="8.453"/>
  <testcase classname="com.automation.tests.LoginTest" name="verifyLogoutFunctionality" time="7.457"/>
  <testcase classname="com.automation.tests.LoginTest" name="verifyInvalidLogin" time="5.603"/>
</testsuite> <!-- com.automation.tests.LoginTest -->
