<?xml version="1.0" encoding="UTF-8"?>
<!-- Generated by org.testng.reporters.JUnitReportReporter -->
<testsuite hostname="Rachit" failures="0" tests="2" name="com.automation.tests.LoginTest" time="9.657" errors="0" timestamp="2026-04-17T14:59:41 IST" skipped="0">
  <testcase classname="com.automation.tests.LoginTest" name="verifyValidLogin" time="4.634"/>
  <testcase classname="com.automation.tests.LoginTest" name="verifyInvalidLogin" time="5.023"/>
</testsuite> <!-- com.automation.tests.LoginTest -->
