<?xml version="1.0" encoding="UTF-8"?>
<!-- Generated by org.testng.reporters.JUnitReportReporter -->
<testsuite hostname="Rachit" failures="0" tests="3" name="com.automation.tests.HomePageTest" time="24.254" errors="0" timestamp="2026-04-18T02:54:30 IST" skipped="0">
  <testcase classname="com.automation.tests.HomePageTest" name="verifyInvalidSearchFunctionality" time="5.130"/>
  <testcase classname="com.automation.tests.HomePageTest" name="verifyValidSearchFunctionality" time="4.870"/>
  <testcase classname="com.automation.tests.HomePageTest" name="verifyCategoryNavigationFunctionality" time="14.254"/>
</testsuite> <!-- com.automation.tests.HomePageTest -->
