<?xml version="1.0" encoding="UTF-8"?>
<!-- Generated by org.testng.reporters.JUnitReportReporter -->
<testsuite hostname="Rachit" failures="0" tests="4" name="com.automation.tests.HomePageTest" time="28.899" errors="0" timestamp="2026-04-28T13:30:02 IST" skipped="0">
  <testcase classname="com.automation.tests.HomePageTest" name="verifyValidSearchFunctionality" time="5.332"/>
  <testcase classname="com.automation.tests.HomePageTest" name="verifyCategoryNavigationFunctionality" time="14.517"/>
  <testcase classname="com.automation.tests.HomePageTest" name="verifyInvalidSearchFunctionality" time="4.803"/>
  <testcase classname="com.automation.tests.HomePageTest" name="verifySearchWithBlankInput" time="4.247"/>
</testsuite> <!-- com.automation.tests.HomePageTest -->
