<?xml version="1.0" encoding="UTF-8"?>
<!-- Generated by org.testng.reporters.JUnitReportReporter -->
<testsuite hostname="Rachit" failures="0" tests="2" name="com.automation.tests.RegistrationTest" time="8.791" errors="0" timestamp="2026-04-24T17:18:22 IST" skipped="0">
  <testcase classname="com.automation.tests.RegistrationTest" name="verifyInvalidUserRegistration" time="4.014"/>
  <testcase classname="com.automation.tests.RegistrationTest" name="verifyUserRegistration" time="4.777"/>
</testsuite> <!-- com.automation.tests.RegistrationTest -->
