<?xml version="1.0" encoding="UTF-8"?>
<!-- Generated by org.testng.reporters.JUnitReportReporter -->
<testsuite hostname="Rachit" failures="0" tests="2" name="com.automation.tests.RegistrationTest" time="10.442" errors="0" timestamp="2026-04-18T02:54:30 IST" skipped="0">
  <testcase classname="com.automation.tests.RegistrationTest" name="verifyUserRegistration" time="5.613"/>
  <testcase classname="com.automation.tests.RegistrationTest" name="verifyInvalidUserRegistration" time="4.829"/>
</testsuite> <!-- com.automation.tests.RegistrationTest -->
