<?xml version="1.0" encoding="UTF-8"?>
<!-- Generated by org.testng.reporters.JUnitXMLReporter -->
<testsuite ignored="0" hostname="Rachit" failures="0" tests="7" name="Demo Web Shop UI Tests" time="41.996" errors="0" timestamp="2026-04-21T10:56:37 IST">
  <testcase classname="com.automation.tests.LoginTest" name="verifyInvalidLogin" time="1.624"/>
  <testcase classname="com.automation.tests.LoginTest" name="verifyValidLogin" time="1.839"/>
  <testcase classname="com.automation.tests.RegistrationTest" name="verifyInvalidUserRegistration" time="1.483"/>
  <testcase classname="com.automation.tests.RegistrationTest" name="verifyUserRegistration" time="2.251"/>
  <testcase classname="com.automation.tests.HomePageTest" name="verifyCategoryNavigationFunctionality" time="7.342"/>
  <testcase classname="com.automation.tests.HomePageTest" name="verifyInvalidSearchFunctionality" time="1.26"/>
  <testcase classname="com.automation.tests.HomePageTest" name="verifyValidSearchFunctionality" time="1.315"/>
</testsuite> <!-- Demo Web Shop UI Tests -->
