<?xml version="1.0" encoding="UTF-8"?>
<!-- Generated by org.testng.reporters.JUnitXMLReporter -->
<testsuite ignored="0" hostname="Rachit" failures="0" tests="17" name="Demo Web Shop UI Tests" time="143.581" errors="0" timestamp="2026-04-29T12:21:22 IST">
  <testcase classname="com.automation.tests.LoginTest" name="verifyInvalidLogin" time="1.927"/>
  <testcase classname="com.automation.tests.LoginTest" name="verifyLogoutFunctionality" time="3.131"/>
  <testcase classname="com.automation.tests.LoginTest" name="verifyValidLogin" time="2.091"/>
  <testcase classname="com.automation.tests.RegistrationTest" name="verifyInvalidUserRegistration" time="1.581"/>
  <testcase classname="com.automation.tests.RegistrationTest" name="verifyUserRegistration" time="2.494"/>
  <testcase classname="com.automation.tests.HomePageTest" name="verifyCategoryNavigationFunctionality" time="8.27"/>
  <testcase classname="com.automation.tests.HomePageTest" name="verifyInvalidSearchFunctionality" time="1.38"/>
  <testcase classname="com.automation.tests.HomePageTest" name="verifySearchWithBlankInput" time="0.589"/>
  <testcase classname="com.automation.tests.HomePageTest" name="verifyValidSearchFunctionality" time="1.386"/>
  <testcase classname="com.automation.tests.ShoppingCartTest" name="verifyEmptyCartMessage" time="0.933"/>
  <testcase classname="com.automation.tests.ShoppingCartTest" name="verifyProductAddedSuccessfully" time="2.973"/>
  <testcase classname="com.automation.tests.ShoppingCartTest" name="verifyProductPriceInCart" time="3.016"/>
  <testcase classname="com.automation.tests.ShoppingCartTest" name="verifyRemoveMultipleProductsFromCart" time="5.872"/>
  <testcase classname="com.automation.tests.ShoppingCartTest" name="verifyRemoveSingleProductFromCart" time="18.912"/>
  <testcase classname="com.automation.tests.ShoppingCartTest" name="verifyUpdateProductQuantityInCart" time="3.882"/>
  <testcase classname="com.automation.tests.WishListTest" name="verifyAddProductToWishlist" time="7.775"/>
  <testcase classname="com.automation.tests.WishListTest" name="verifyRemoveProductFromWishlist" time="7.607"/>
</testsuite> <!-- Demo Web Shop UI Tests -->
